<?xml version="1.0" encoding="UTF-8"?>
<testsuite name="AppTest" tests="4" skipped="0" failures="0" errors="0" timestamp="2016-01-06T21:50:12" hostname="epicodus-47.local" time="0.003">
  <properties/>
  <testcase name="checkWinner_scissorsBeatsPaper_Player1Wins" classname="AppTest" time="0.002"/>
  <testcase name="checkWinner_rockBeatsScissors_Player1Wins" classname="AppTest" time="0.0"/>
  <testcase name="computerChooses_shouldBeAString_true" classname="AppTest" time="0.001"/>
  <testcase name="checkWinner_paperBeatsRock_Player1Wins" classname="AppTest" time="0.0"/>
  <system-out><![CDATA[]]></system-out>
  <system-err><![CDATA[]]></system-err>
</testsuite>
